13.08.2025
- PR Benutzerschnittstelle, AB Konsole: Korrekturen
- AB Array, Füllen: Klassendiagramme korrigiert
- for-Schleife: Vorlage und Lösung korrigiert
- AB Algorithmus: leicht überarbeitet
- Berechnungen: Vorlage und Lösung korrigiert
- Rest: kosmetische Korrekturen

02.11.2023
- Alle BlueJ-Projekte und Java-Dateien in UTF-8 umgewandelt
- AB 2D-Array: Fehler korrigiert

13.07.2023
- AB Array Fehler korrigiert
- PR Algorithmus Fehler korrigiert

20.11.2022
- AB Installation Software überarbeitet

18.10.2022
- AB Berechnungen: Leicht überarbeitet
  Lsg. erweitert um Alternativen für den Mittelwert
- AB Algorithmus: Bild von al-Chwarizimi ergänzt
  PR Algorithmus um Bausteine von Alg. ergänzt
- Fehlerkorrekturen:
  ABs Array, Lsg. Füllen, AB Algorithmus, Lsg. Berechnungen (Zweitgrößte), AB Sortieren Aufg.1
- Kleinere sprachliche Korrekturen in allen ABs

30.01.2022
- Abschnitte von Array bis Laufzeitmessung:
  Modelle jeweils mit Hauptklasse und main-Methode, statt alle Methoden in einer Klasse
- Verschieben Lösung um Zusatzaufgaben erweitert
- 2D-Array Lösung hinzugefügt

16.01.2022
- AB 2D-Array: Fehler korrigiert
- Laufzeitmessung: Lösung erweitert um Beispieldaten
- Laufzeitabschätzung: AB Quellcode leicht geändert, Lösung als PDF

03.09.2021
- Installation Software: AB kleine Änderungen
- Konsole: AB Fehler korrigiert, Lösung (als Demo) hinzugefügt
- Algorithmus: .uxf-Datei zum Erarbeiten
- 2D-Array: AB Fehler korrigiert
- Alle Lizenztexte komprimiert
- Zu einigen Abschnitten Ablauf.txt hinzugefügt / bearbeitet

05.05.2021
- Erste Veröffentlichung:
  00 Software
  01 Konsole
  02 Array
  03 Füllen
  04 For-Schleife
  05 Algorithmus
  06 Berechnungen
  07 Verschieben
  08 Sortieren
  09 Laufzeitmessung
  10 Laufzeitabschätzung
  11 2D-Array
