18.01.2025
- Fehler korrigiert: AB Primär- und Fremdschlüssel, AB SQL Rechnen, Text Normalisierung
- PR ER-Modell: Folie hinzugefügt
- AB Normalisierung 2NF: neue Teilaufgabe zu Kardinalitäten
- AB DB und Java: kleinere Überarbeitung
- Datenschutz überarbeitet

15.06.2024
- Normalisierung: Text ergänzt (funktionale Abhängigkeit)
- SQL Unterabfrage: Text überarbeitet, zus. Aufgabe
- Einige Rechschreibfehler in mehreren ABs korrigiert

23.11.2023
- AB Entität und Beziehung, AB ER-Modell: Text überarbeitet
- Primär- und Fremdschlüssel: Lösung korrigiert
  Sicherungsaufgabe hinzugefügt
- SQL Einstieg: Text korrigiert

02.11.2023
- BlueJ-Projekt (DatabaseConnector) in UTF-8 umgewandelt
- Text Normalisierung: Rechtschreibfehler 

13.07.2023
- AB SQL Unterabfrage: Fehlerkorrektur; Aufg. 3 mit Rechenbeispiel
- AB Datenschutz: Formulierungen überarbeitet

20.11.2022
- AB Installation Software überarbeitet

18.10.2022
- Rechtschreibfehler in allen ABs korrigiert
- Wortwahl: SQL-"Befehl" ersetzt durch SQL-"Abfrage"
- PR SQL Join: Fehlerkorrektur
- AB SQL Rechnen: Aufg.7 überarbeitet

16.01.2022
- AB Primär- und Fremdschlüssel: Fehlerkorrektur
  Mehr Fokus auf "Unveränderlichkeit"
- SQL Einstieg: kleine Korrekturen
- PR SQL Join: Fehlerkorrektur
- AB SQL Join: kleine Korrektur

16.11.2021
- Text Einstieg: kleine Korrektur
- AB Entität und Beziehung: Aufgabe 1 geändert
- AB Primär- und Fremdschlüssel: Fehlerkorrektur
- Text Normalisierung: kleine Korrektur

12.07.2021
- Erste Veröffentlichung:
  00 Software
  01 Einstieg
  02 Entität und Beziehung
  03 Primär- und Fremdschlüssel
  04 ER-Modell
  05 Datenbankschema
  06 SQL Einstieg
  07 SQL Verbund (Join)
  08 SQL Outer Join
  09 SQL Rechnen
  10 SQL Unterabfrage
  11 Normalisierung
  12 Datenbank und Java
  13 Datenschutz
