Neu
- AB Liste Programmieren aufgeteilt,
  neues AB Liste Algorithmen hinzugefügt.

21.02.2024
- Programmieren mit Referenzen: Lösung auch als PDF
- Queue Programmieren - Lösung Algorithmen: Fehlerkorrektur
- Backtracking: Zusatzaufgabe mit Scratch hinzugefügt
- AB Liste Methoden: Fehlerkorrektur
- AB Wrapperklasse: Korrekturen

02.11.2023
- Alle BlueJ-Projekte und Java-Dateien in UTF-8 umgewandelt

13.07.2023
- Rechtschreibfehler in allen ABs und Lösungen korrigiert
- Dyn. Datenstrukturen: Folien ergänzt
- AB Queue Methoden überarbeitet
- AB Verschachtelte Datenstruktur: Lösung (Implementierung) vereinfacht
- Größere Überarbeitung:
    - ABs zu Referenzen (Parameter, Methodenaufruf, Rückgabewert) zusammengefasst
	  Get-Methode mit Parameter entfernt
    - AB Queue Programmieren und AB Queue Algorithmen zusammengefasst
      klare Trennung von Algorithmen und Benutzerschnittstelle
    - AB Wrapperklasse hinzugefügt
- Neue Reihenfolge:
  01 Referenz
  02 Von-Neumann-Rechner
  03 Programmieren mit Referenzen
  04 Array von Referenzen
  05 Dynamische Datenstrukturen
  06 Queue Methoden
  07 Queue Programmieren
  08 Stack Methoden
  09 Stack Programmieren
  10 Stack Sortieren
  11 Stack Backtracking
  12 Liste Methoden
  13 Liste Programmieren
  14 Verschachtelte Datenstruktur
  15 Switch
  16 Struktogramm
  17 Entwurfsdiagramm
  18 Wrapperklasse

20.11.2022
- AB Installation Software überarbeitet

18.10.2022
- AB Installation Software: kleine Änderungen
- AB Liste Methode Lösung: Fehler korrigiert

04.07.2021
- Korrekturen in GameWindow-Doku (in mehreren Abschnitte)
- Lizenztexte nur noch einzeilig
- Abschnitt zu Liste Programmieren überarbeitet:
  Benutzerschnittstelle in eigener Klasse
  (im Einklang zur Unterrichtsreihe Binärbäume)

06.06.2021
- Abschnitt zu Entwurfsdiagramm überarbeitet
- neuer Abschnitt: Verschachtelte Datenstruktur

21.05.2021
- Erste Veröffentlichung:
  00 Software
  01 Referenz
  02 Von-Neumann-Rechner
  03 Referenz als Parameter
  04 Referenz und Methodenaufruf
  05 Referenz als Rückgabewert
  06 Array von Referenzen
  07 Get-Methode mit Parameter
  08 Dynamische Datenstrukturen
  09 Queue Methoden
  10 Queue Programmieren
  11 Queue Algorithmen
  12 Stack Methoden
  13 Stack Programmieren
  14 Stack Sortieren
  15 Stack Backtracking
  16 Liste Methoden
  17 Liste Programmieren
  18 Switch
  19 Struktogramm
  20 Entwurfsdiagramm
