02.11.2023
- AB Einstieg: Ausdruck korrigiert
- Pong: Lösung leicht überarbeitet
  Beispiel mit fertigen Schlägern entfernt (wird sonst von SuS benutzt)
- AB SpaceGame: Illustrationen hinzugefügt

05.02.2022
- AB Einstieg Fehler korrigiert, leicht überarbeitet
- Alle ABs: Angaben zu den Material-Ordnern geändert
- AB Tastatursteuerung: Screenshots eingefügt
- AB Übung Space Game: leicht überarbeitet

16.01.2022
- Erste Veröffentlichung:
  01 Einstieg
  02 Bildergeschichte
  03 Variable
  04 Verzweigung
  05 Wiederholschleife
  06 Tastatursteuerung
  07 Kollision
  08 Übung
