11.11.2023
- Grafiken von JFLAP umgestellt auf flaci.com
- Folien zum Einstieg überarbeitet / Fehler korrigiert
- Notizen zum Ablauf für 01 und 02 erstellt / überarbeitet

18.10.2022
- Einstieg Folie ergänzt um weitere Aufgabe,
  Lösungen im JFLAP und PNG-Format
- AB Endl. Automat: Fehlerkorrektur
- AB DEA in Java: Formulierungen überarbeitet
- AB Reguläre Gr.: Fehlerkorrektur
  Lösung überarbeitet
- Rechtschreibung in allen ABs korrigiert

07.03.2022
- Erste Veröffentlichung:
  01 Einstieg
  02 Endlicher Automat
  03 DEA in Java
  04 Grammatik
  05 Reguläre Grammatik
  06 Umwandlung Automat-Grammatik
  07 NEA
  08 NEA mit Epsilon-Übergang
  09 Kontextfreie Grammatik
  10 Chomsky-Hierarchie
