02.11.2023
- Alle BlueJ-Projekte und Java-Dateien in UTF-8 umgewandelt

13.07.2023
- AB Attribute und Konstruktor: Fehler in Lösung korrigiert
- AB / PR Vererbung und Datenstrukturen, AB Typecast: Fehler korrigiert

20.11.2022
- AB Installation Software überarbeitet

18.10.2022
- AB Vererbung, Abstrakte Klasse: Fehler korrigiert
- AB Installation Software: kleine Änderungen

04.06.2021
- Erste Veröffentlichung:
  00 Software
  01 Vererbung
  02 Vererbung im Quellcode
  03 Vererbung und Attribute
  04 Abstrakte Klasse
  05 Vererbung und Datenstrukturen
  06 Typecast
  07 Klasse Object
  08 Interface
