18.10.2022
- Rechtschreibfehler in allen ABs korrigiert
- Wortwahl: SQL-"Befehl" ersetzt durch SQL-"Abfrage"
- PR SQL Join: Fehlerkorrektur
- AB SQL Rechnen: Aufg.7 überarbeitet

16.01.2022
- AB Primär- und Fremdschlüssel: Fehlerkorrektur
  Mehr Fokus auf "Unveränderlichkeit"
- SQL Einstieg: kleine Korrekturen
- PR SQL Join: Fehlerkorrektur
- AB SQL Join: kleine Korrektur

16.11.2021
- Text Einstieg: kleine Korrektur
- AB Entität und Beziehung: Aufgabe 1 geändert
- AB Primär- und Fremdschlüssel: Fehlerkorrektur
- Text Normalisierung: kleine Korrektur

12.07.2021
- Erste Veröffentlichung:
  00 Software
  01 Einstieg
  02 Entität und Beziehung
  03 Primär- und Fremdschlüssel
  04 ER-Modell
  05 Datenbankschema
  06 SQL Einstieg
  07 SQL Verbund (Join)
  08 SQL Outer Join
  09 SQL Rechnen
  10 SQL Unterabfrage
  11 Normalisierung
  12 Datenbank und Java
  13 Datenschutz
