20.11.2022
- AB Installation Software überarbeitet

18.10.2022
- Korrekturen: 
  AB Rückgabewert, AB Konstruktor
- AB Assoziation kl. Änderungen
- Rechtschreibung in allen ABs und Folien korrigiert

12.02.2022
- AB Konstruktor mit Param.: Fehlerkorrektur
- Verzweigung: Fehler in Vorlage korrigiert

16.01.2022
- AB Set-Methode: Aufg. 2 geteilt in zwei Aufgaben
- AB Konstruktor mit Param.: Einfache Aufgabe hinzugefügt

16.11.2021
- AB Implementierung: Korrektur in der Lösung
- Konstruktor, Methode: Vorlagen-Ordner umbenannt
- AB Methode: Aufg. 3 etwas vereinfacht (ohne Methoden stop / zumUrsprung)
- PR Methodenaufruf, PR Get-Methode: Begriff Referenz entfernt
- AB Methodenaufruf: Aufg. 1 überarbeitet (Formulierungen)
- Methodenaufruf: zus. AB zum Üben der Fachsprache

03.09.2021
- Korrekturen in GameWindow-Doku (21)
- Lizenztexte komprimiert
- AB Kommentare jetzt mit Ablauf und Lösung (zum Zeigen)
- AB Installation Software: kleine Änderungen

22.05.2021
- Abschnitte zu Vererbung entfernt 
  -> neue Reihe zu Vererbung
- Zugriffsmodifikator überarbeitet

04.04.2021
- Erste Veröffentlichung:
  00 Software
  01 Einstieg
  02 Objekt
  03 Attribut
  04 Klasse
  05 Implementierung
  06 Assoziation
  07 Konstruktor
  08 Methode
  09 Methodenaufruf
  10 Parameter
  11 Set-Methode
  12 Konstruktor mit Parameter
  13 GameWindow
  14 Kommentare
  15 While-Schleife
  16 While-Schleife mit Variable
  17 Gültigkeitsbereich
  18 Sequenzdiagramm
  19 Get-Methode
  20 Verzweigung
  21 Rückgabewert
  22 Zugriffsmodifikator
  23 Vererbung
  24 Vererbung im Quellcode
  25 Vererbung und Attribute
  30 Jar-Datei
