Neu
- AB 2D-Array: korrigiert

03.09.2021
- AB Installation Software: kleine Änderungen
- AB Konsole: Fehler korrigiert, Lösung (als Demo) hinzugefügt
- AB Algorithmus: .uxf-Datei zum Erarbeiten
- AB 2D-Array: Fehler korrigiert
- Lizenztexte komprimiert
- Zu einigen Abschnitten Ablauf.txt  hinzugefügt / bearbeitet

05.05.2021
- Erste Veröffentlichung:
  00 Software
  01 Konsole
  02 Array
  03 Füllen
  04 For-Schleife
  05 Algorithmus
  06 Berechnungen
  07 Verschieben
  08 Sortieren
  09 Laufzeitmessung
  10 Laufzeitabschätzung
  11 2D-Array
